<?xml version="1.0" encoding="UTF-8"?>
<!-- Generated by org.testng.reporters.JUnitReportReporter -->
<testsuite hostname="CLAP3370" failures="0" tests="3" name="testNGDemo.Demo2" time="15.582" errors="0" timestamp="2023-05-29T11:32:13 IST" skipped="0">
  <testcase classname="testNGDemo.Demo2" name="openApp" time="11.512"/>
  <system-out/>
  <testcase classname="testNGDemo.Demo2" name="login" time="3.632"/>
  <system-out/>
  <testcase classname="testNGDemo.Demo2" name="closeApp" time="0.438"/>
  <system-out/>
</testsuite> <!-- testNGDemo.Demo2 -->
