<?xml version="1.0" encoding="UTF-8"?>
<!-- Generated by org.testng.reporters.JUnitReportReporter -->
<testsuite hostname="CLAP3370" failures="0" tests="2" name="seleniumpractice.TestngDemo1" time="31.463" errors="0" timestamp="2023-05-19T13:40:23 IST" skipped="0">
  <testcase classname="seleniumpractice.TestngDemo1" name="calcTest" time="18.098"/>
  <system-out/>
  <testcase classname="seleniumpractice.TestngDemo1" name="calcTest2" time="13.365"/>
  <system-out/>
</testsuite> <!-- seleniumpractice.TestngDemo1 -->
