<?xml version="1.0" encoding="UTF-8"?>
<!-- Generated by org.testng.reporters.JUnitReportReporter -->
<testsuite hostname="CLAP3370" failures="0" tests="19" name="testNGDemo.ParlelTestingDemo" time="0.041" errors="0" timestamp="2023-05-30T12:34:25 IST" skipped="0">
  <testcase classname="testNGDemo.ParlelTestingDemo" name="test" time="0.002"/>
  <system-out/>
  <testcase classname="testNGDemo.ParlelTestingDemo" name="test" time="0.001"/>
  <system-out/>
  <testcase classname="testNGDemo.ParlelTestingDemo" name="test" time="0.000"/>
  <system-out/>
  <testcase classname="testNGDemo.ParlelTestingDemo" name="test" time="0.002"/>
  <system-out/>
  <testcase classname="testNGDemo.ParlelTestingDemo" name="test" time="0.002"/>
  <system-out/>
  <testcase classname="testNGDemo.ParlelTestingDemo" name="test" time="0.001"/>
  <system-out/>
  <testcase classname="testNGDemo.ParlelTestingDemo" name="test" time="0.001"/>
  <system-out/>
  <testcase classname="testNGDemo.ParlelTestingDemo" name="test" time="0.002"/>
  <system-out/>
  <testcase classname="testNGDemo.ParlelTestingDemo" name="test" time="0.001"/>
  <system-out/>
  <testcase classname="testNGDemo.ParlelTestingDemo" name="test" time="0.011"/>
  <system-out/>
  <testcase classname="testNGDemo.ParlelTestingDemo" name="test" time="0.003"/>
  <system-out/>
  <testcase classname="testNGDemo.ParlelTestingDemo" name="test" time="0.002"/>
  <system-out/>
  <testcase classname="testNGDemo.ParlelTestingDemo" name="test" time="0.004"/>
  <system-out/>
  <testcase classname="testNGDemo.ParlelTestingDemo" name="test" time="0.001"/>
  <system-out/>
  <testcase classname="testNGDemo.ParlelTestingDemo" name="test" time="0.001"/>
  <system-out/>
  <testcase classname="testNGDemo.ParlelTestingDemo" name="test" time="0.001"/>
  <system-out/>
  <testcase classname="testNGDemo.ParlelTestingDemo" name="test" time="0.003"/>
  <system-out/>
  <testcase classname="testNGDemo.ParlelTestingDemo" name="test" time="0.001"/>
  <system-out/>
  <testcase classname="testNGDemo.ParlelTestingDemo" name="test" time="0.002"/>
  <system-out/>
</testsuite> <!-- testNGDemo.ParlelTestingDemo -->
