<?xml version="1.0" encoding="UTF-8"?>
<!-- Generated by org.testng.reporters.JUnitReportReporter -->
<testsuite hostname="CLAP3370" failures="0" tests="3" name="testNGDemo.Demo1" time="0.014" errors="0" timestamp="2023-05-29T10:21:23 IST" skipped="0">
  <testcase classname="testNGDemo.Demo1" name="openapp" time="0.012"/>
  <system-out/>
  <testcase classname="testNGDemo.Demo1" name="login" time="0.001"/>
  <system-out/>
  <testcase classname="testNGDemo.Demo1" name="logout" time="0.001"/>
  <system-out/>
</testsuite> <!-- testNGDemo.Demo1 -->
