<?xml version="1.0" encoding="UTF-8"?>
<!-- Generated by org.testng.reporters.JUnitReportReporter -->
<testsuite hostname="CLAP3370" failures="0" tests="9" name="testNGDemo.GroupingDemo" time="0.019" errors="0" timestamp="2023-05-30T11:11:37 IST" skipped="0">
  <testcase classname="testNGDemo.GroupingDemo" name="loginByEmail" time="0.008"/>
  <system-out/>
  <testcase classname="testNGDemo.GroupingDemo" name="loginByfacebook" time="0.000"/>
  <system-out/>
  <testcase classname="testNGDemo.GroupingDemo" name="loginBytwitter" time="0.002"/>
  <system-out/>
  <testcase classname="testNGDemo.GroupingDemo" name="signupbyemail" time="0.001"/>
  <system-out/>
  <testcase classname="testNGDemo.GroupingDemo" name="signupbyfacebook" time="0.001"/>
  <system-out/>
  <testcase classname="testNGDemo.GroupingDemo" name="signupbytwitter" time="0.003"/>
  <system-out/>
  <testcase classname="testNGDemo.GroupingDemo" name="paymentindollar" time="0.001"/>
  <system-out/>
  <testcase classname="testNGDemo.GroupingDemo" name="paymentinrupees" time="0.003"/>
  <system-out/>
  <testcase classname="testNGDemo.GroupingDemo" name="paymentReturnbyBank" time="0.000"/>
  <system-out/>
</testsuite> <!-- testNGDemo.GroupingDemo -->
