<?xml version="1.0" encoding="UTF-8"?>
<!-- Generated by org.testng.reporters.JUnitReportReporter -->
<testsuite hostname="CLAP3370" failures="0" tests="5" name="testNGDemo.DependentMethodsDemo" time="0.013" errors="0" timestamp="2023-05-29T13:40:46 IST" skipped="0">
  <testcase classname="testNGDemo.DependentMethodsDemo" name="openapp" time="0.012"/>
  <system-out/>
  <testcase classname="testNGDemo.DependentMethodsDemo" name="login" time="0.000"/>
  <system-out/>
  <testcase classname="testNGDemo.DependentMethodsDemo" name="search" time="0.001"/>
  <system-out/>
  <testcase classname="testNGDemo.DependentMethodsDemo" name="advsearch" time="0.000"/>
  <system-out/>
  <testcase classname="testNGDemo.DependentMethodsDemo" name="logout" time="0.000"/>
  <system-out/>
</testsuite> <!-- testNGDemo.DependentMethodsDemo -->
