<?xml version="1.0" encoding="UTF-8"?>
<!-- Generated by org.testng.reporters.JUnitReportReporter -->
<testsuite hostname="CLAP3370" failures="0" tests="2" name="seleniumpractice.TestNGDemo" time="0.006" errors="0" timestamp="2023-05-12T10:37:46 IST" skipped="0">
  <testcase classname="seleniumpractice.TestNGDemo" name="tm1" time="0.004"/>
  <system-out/>
  <testcase classname="seleniumpractice.TestNGDemo" name="tm2" time="0.002"/>
  <system-out/>
</testsuite> <!-- seleniumpractice.TestNGDemo -->
