<?xml version="1.0" encoding="UTF-8"?>
<!-- Generated by org.testng.reporters.JUnitReportReporter -->
<testsuite hostname="CLAP3370" failures="0" tests="2" name="testNGDemo.AnnatationsDemo" time="0.008" errors="0" timestamp="2023-05-29T13:00:48 IST" skipped="0">
  <testcase classname="testNGDemo.AnnatationsDemo" name="tm1" time="0.007"/>
  <system-out/>
  <testcase classname="testNGDemo.AnnatationsDemo" name="tm2" time="0.001"/>
  <system-out/>
</testsuite> <!-- testNGDemo.AnnatationsDemo -->
