<?xml version="1.0" encoding="UTF-8"?>
<!-- Generated by org.testng.reporters.JUnitReportReporter -->
<testsuite hostname="CLAP3370" failures="0" tests="7" name="seleniumpractice.Exercise2Demo" time="0.108" errors="0" timestamp="2023-05-12T15:08:36 IST" skipped="0">
  <testcase classname="seleniumpractice.Exercise2Demo" name="isNumericTestWithInvalidData" time="0.007"/>
  <system-out/>
  <testcase classname="seleniumpractice.Exercise2Demo" name="isNumericTestWithInvalidData" time="0.014"/>
  <system-out/>
  <testcase classname="seleniumpractice.Exercise2Demo" name="isNumericTestWithInvalidData" time="0.005"/>
  <system-out/>
  <testcase classname="seleniumpractice.Exercise2Demo" name="isNumericTestWithInvalidData" time="0.012"/>
  <system-out/>
  <testcase classname="seleniumpractice.Exercise2Demo" name="isNumericTest" time="0.055"/>
  <system-out/>
  <testcase classname="seleniumpractice.Exercise2Demo" name="isNumericTest" time="0.004"/>
  <system-out/>
  <testcase classname="seleniumpractice.Exercise2Demo" name="isNumericTestWithInvalidData" time="0.011"/>
  <system-out/>
</testsuite> <!-- seleniumpractice.Exercise2Demo -->
